# JRE version: OpenJDK Runtime Environment Temurin-21.0.11+10 (21.0.11+10) (build 21.0.11+10-LTS)
# Java VM: OpenJDK 64-Bit Server VM Temurin-21.0.11+10 (21.0.11+10-LTS, mixed mode, sharing, tiered, compressed oops, compressed class ptrs, parallel gc, windows-amd64)
GC Precious Log:
 CardTable entry size: 512
 CPUs: 32 total, 32 available
 Memory: 15999M
 Large Page Support: Disabled
 NUMA Support: Disabled
 Compressed Oops: Enabled (32-bit)
 Alignments: Space 512K, Generation 512K, Heap 2M
 Heap Min Capacity: 100M
 Heap Initial Capacity: 100M
 Heap Max Capacity: 2G
 Pre-touch: Disabled
 Parallel Workers: 23
Heap:
 PSYoungGen      total 9216K, used 5314K [0x00000000d5580000, 0x00000000d6100000, 0x0000000100000000)
  eden space 7680K, 54% used [0x00000000d5580000,0x00000000d5996050,0x00000000d5d00000)
  from space 1536K, 73% used [0x00000000d5f00000,0x00000000d601a910,0x00000000d6080000)
  to   space 512K, 0% used [0x00000000d6080000,0x00000000d6080000,0x00000000d6100000)
 ParOldGen       total 698880K, used 697725K [0x0000000080000000, 0x00000000aaa80000, 0x00000000d5580000)
  object space 698880K, 99% used [0x0000000080000000,0x00000000aa95f6a8,0x00000000aaa80000)
 Metaspace       used 38405K, committed 39936K, reserved 1114112K
  class space    used 3287K, committed 3904K, reserved 1048576K
GC Heap History (20 events):
Event: 986.356 GC heap before
{Heap before GC invocations=1118 (full 3):
 PSYoungGen      total 4096K, used 4082K [0x00000000d5580000, 0x00000000d5e00000, 0x0000000100000000)
  eden space 2560K, 100% used [0x00000000d5580000,0x00000000d5800000,0x00000000d5800000)
  from space 1536K, 99% used [0x00000000d5c00000,0x00000000d5d7c800,0x00000000d5d80000)
  to   space 512K, 0% used [0x00000000d5d80000,0x00000000d5d80000,0x00000000d5e00000)
 ParOldGen       total 584704K, used 584323K [0x0000000080000000, 0x00000000a3b00000, 0x00000000d5580000)
  object space 584704K, 99% used [0x0000000080000000,0x00000000a3aa0d40,0x00000000a3b00000)
 Metaspace       used 38349K, committed 39872K, reserved 1114112K
  class space    used 3287K, committed 3904K, reserved 1048576K
}
Event: 986.360 GC heap after
{Heap after GC invocations=1118 (full 3):
 PSYoungGen      total 3584K, used 512K [0x00000000d5580000, 0x00000000d6280000, 0x0000000100000000)
  eden space 3072K, 0% used [0x00000000d5580000,0x00000000d5580000,0x00000000d5880000)
  from space 512K, 100% used [0x00000000d5d80000,0x00000000d5e00000,0x00000000d5e00000)
  to   space 5120K, 0% used [0x00000000d5880000,0x00000000d5880000,0x00000000d5d80000)
 ParOldGen       total 588800K, used 588337K [0x0000000080000000, 0x00000000a3f00000, 0x00000000d5580000)
  object space 588800K, 99% used [0x0000000080000000,0x00000000a3e8c540,0x00000000a3f00000)
 Metaspace       used 38349K, committed 39872K, reserved 1114112K
  class space    used 3287K, committed 3904K, reserved 1048576K
}
Event: 986.387 GC heap before
{Heap before GC invocations=1119 (full 3):
 PSYoungGen      total 3584K, used 3584K [0x00000000d5580000, 0x00000000d6280000, 0x0000000100000000)
  eden space 3072K, 100% used [0x00000000d5580000,0x00000000d5880000,0x00000000d5880000)
  from space 512K, 100% used [0x00000000d5d80000,0x00000000d5e00000,0x00000000d5e00000)
  to   space 5120K, 0% used [0x00000000d5880000,0x00000000d5880000,0x00000000d5d80000)
 ParOldGen       total 588800K, used 588337K [0x0000000080000000, 0x00000000a3f00000, 0x00000000d5580000)
  object space 588800K, 99% used [0x0000000080000000,0x00000000a3e8c540,0x00000000a3f00000)
 Metaspace       used 38350K, committed 39872K, reserved 1114112K
  class space    used 3287K, committed 3904K, reserved 1048576K
}
Event: 986.388 GC heap after
{Heap after GC invocations=1119 (full 3):
 PSYoungGen      total 4096K, used 720K [0x00000000d5580000, 0x00000000d5e80000, 0x0000000100000000)
  eden space 3072K, 0% used [0x00000000d5580000,0x00000000d5580000,0x00000000d5880000)
  from space 1024K, 70% used [0x00000000d5880000,0x00000000d5934050,0x00000000d5980000)
  to   space 2560K, 0% used [0x00000000d5c00000,0x00000000d5c00000,0x00000000d5e80000)
 ParOldGen       total 588800K, used 588553K [0x0000000080000000, 0x00000000a3f00000, 0x00000000d5580000)
  object space 588800K, 99% used [0x0000000080000000,0x00000000a3ec2540,0x00000000a3f00000)
 Metaspace       used 38350K, committed 39872K, reserved 1114112K
  class space    used 3287K, committed 3904K, reserved 1048576K
}
Event: 986.393 GC heap before
{Heap before GC invocations=1120 (full 3):
 PSYoungGen      total 4096K, used 3632K [0x00000000d5580000, 0x00000000d5e80000, 0x0000000100000000)
  eden space 3072K, 94% used [0x00000000d5580000,0x00000000d5858198,0x00000000d5880000)
  from space 1024K, 70% used [0x00000000d5880000,0x00000000d5934050,0x00000000d5980000)
  to   space 2560K, 0% used [0x00000000d5c00000,0x00000000d5c00000,0x00000000d5e80000)
 ParOldGen       total 588800K, used 588553K [0x0000000080000000, 0x00000000a3f00000, 0x00000000d5580000)
  object space 588800K, 99% used [0x0000000080000000,0x00000000a3ec2540,0x00000000a3f00000)
 Metaspace       used 38350K, committed 39872K, reserved 1114112K
  class space    used 3287K, committed 3904K, reserved 1048576K
}
Event: 986.395 GC heap after
{Heap after GC invocations=1120 (full 3):
 PSYoungGen      total 6144K, used 1797K [0x00000000d5580000, 0x00000000d5e00000, 0x0000000100000000)
  eden space 4096K, 0% used [0x00000000d5580000,0x00000000d5580000,0x00000000d5980000)
  from space 2048K, 87% used [0x00000000d5c00000,0x00000000d5dc16d8,0x00000000d5e00000)
  to   space 2048K, 0% used [0x00000000d5a00000,0x00000000d5a00000,0x00000000d5c00000)
 ParOldGen       total 589312K, used 588961K [0x0000000080000000, 0x00000000a3f80000, 0x00000000d5580000)
  object space 589312K, 99% used [0x0000000080000000,0x00000000a3f285c0,0x00000000a3f80000)
 Metaspace       used 38350K, committed 39872K, reserved 1114112K
  class space    used 3287K, committed 3904K, reserved 1048576K
}
Event: 986.399 GC heap before
{Heap before GC invocations=1121 (full 3):
 PSYoungGen      total 6144K, used 5893K [0x00000000d5580000, 0x00000000d5e00000, 0x0000000100000000)
  eden space 4096K, 100% used [0x00000000d5580000,0x00000000d5980000,0x00000000d5980000)
  from space 2048K, 87% used [0x00000000d5c00000,0x00000000d5dc16d8,0x00000000d5e00000)
  to   space 2048K, 0% used [0x00000000d5a00000,0x00000000d5a00000,0x00000000d5c00000)
 ParOldGen       total 589312K, used 588961K [0x0000000080000000, 0x00000000a3f80000, 0x00000000d5580000)
  object space 589312K, 99% used [0x0000000080000000,0x00000000a3f285c0,0x00000000a3f80000)
 Metaspace       used 38350K, committed 39872K, reserved 1114112K
  class space    used 3287K, committed 3904K, reserved 1048576K
}
Event: 986.402 GC heap after
{Heap after GC invocations=1121 (full 3):
 PSYoungGen      total 6656K, used 2038K [0x00000000d5580000, 0x00000000d6780000, 0x0000000100000000)
  eden space 4608K, 0% used [0x00000000d5580000,0x00000000d5580000,0x00000000d5a00000)
  from space 2048K, 99% used [0x00000000d5a00000,0x00000000d5bfd9b0,0x00000000d5c00000)
  to   space 6656K, 0% used [0x00000000d6100000,0x00000000d6100000,0x00000000d6780000)
 ParOldGen       total 592896K, used 592476K [0x0000000080000000, 0x00000000a4300000, 0x00000000d5580000)
  object space 592896K, 99% used [0x0000000080000000,0x00000000a4297030,0x00000000a4300000)
 Metaspace       used 38350K, committed 39872K, reserved 1114112K
  class space    used 3287K, committed 3904K, reserved 1048576K
}
Event: 986.406 GC heap before
{Heap before GC invocations=1122 (full 3):
 PSYoungGen      total 6656K, used 6646K [0x00000000d5580000, 0x00000000d6780000, 0x0000000100000000)
  eden space 4608K, 100% used [0x00000000d5580000,0x00000000d5a00000,0x00000000d5a00000)
  from space 2048K, 99% used [0x00000000d5a00000,0x00000000d5bfd9b0,0x00000000d5c00000)
  to   space 6656K, 0% used [0x00000000d6100000,0x00000000d6100000,0x00000000d6780000)
 ParOldGen       total 592896K, used 592476K [0x0000000080000000, 0x00000000a4300000, 0x00000000d5580000)
  object space 592896K, 99% used [0x0000000080000000,0x00000000a4297030,0x00000000a4300000)
 Metaspace       used 38350K, committed 39872K, reserved 1114112K
  class space    used 3287K, committed 3904K, reserved 1048576K
}
Event: 986.409 GC heap after
{Heap after GC invocations=1122 (full 3):
 PSYoungGen      total 10240K, used 4130K [0x00000000d5580000, 0x00000000d6580000, 0x0000000100000000)
  eden space 5632K, 0% used [0x00000000d5580000,0x00000000d5580000,0x00000000d5b00000)
  from space 4608K, 89% used [0x00000000d6100000,0x00000000d65089d0,0x00000000d6580000)
  to   space 5120K, 0% used [0x00000000d5b80000,0x00000000d5b80000,0x00000000d6080000)
 ParOldGen       total 594944K, used 594566K [0x0000000080000000, 0x00000000a4500000, 0x00000000d5580000)
  object space 594944K, 99% used [0x0000000080000000,0x00000000a44a1a58,0x00000000a4500000)
 Metaspace       used 38350K, committed 39872K, reserved 1114112K
  class space    used 3287K, committed 3904K, reserved 1048576K
}
Event: 986.419 GC heap before
{Heap before GC invocations=1123 (full 3):
 PSYoungGen      total 10240K, used 9756K [0x00000000d5580000, 0x00000000d6580000, 0x0000000100000000)
  eden space 5632K, 99% used [0x00000000d5580000,0x00000000d5afe8d8,0x00000000d5b00000)
  from space 4608K, 89% used [0x00000000d6100000,0x00000000d65089d0,0x00000000d6580000)
  to   space 5120K, 0% used [0x00000000d5b80000,0x00000000d5b80000,0x00000000d6080000)
 ParOldGen       total 594944K, used 594566K [0x0000000080000000, 0x00000000a4500000, 0x00000000d5580000)
  object space 594944K, 99% used [0x0000000080000000,0x00000000a44a1a58,0x00000000a4500000)
 Metaspace       used 38350K, committed 39872K, reserved 1114112K
  class space    used 3287K, committed 3904K, reserved 1048576K
}
Event: 986.423 GC heap after
{Heap after GC invocations=1123 (full 3):
 PSYoungGen      total 11264K, used 3424K [0x00000000d5580000, 0x00000000d6480000, 0x0000000100000000)
  eden space 6144K, 0% used [0x00000000d5580000,0x00000000d5580000,0x00000000d5b80000)
  from space 5120K, 66% used [0x00000000d5b80000,0x00000000d5ed8000,0x00000000d6080000)
  to   space 4096K, 0% used [0x00000000d6080000,0x00000000d6080000,0x00000000d6480000)
 ParOldGen       total 598528K, used 598507K [0x0000000080000000, 0x00000000a4880000, 0x00000000d5580000)
  object space 598528K, 99% used [0x0000000080000000,0x00000000a487aca8,0x00000000a4880000)
 Metaspace       used 38350K, committed 39872K, reserved 1114112K
  class space    used 3287K, committed 3904K, reserved 1048576K
}
Event: 986.438 GC heap before
{Heap before GC invocations=1124 (full 3):
 PSYoungGen      total 11264K, used 9568K [0x00000000d5580000, 0x00000000d6480000, 0x0000000100000000)
  eden space 6144K, 100% used [0x00000000d5580000,0x00000000d5b80000,0x00000000d5b80000)
  from space 5120K, 66% used [0x00000000d5b80000,0x00000000d5ed8000,0x00000000d6080000)
  to   space 4096K, 0% used [0x00000000d6080000,0x00000000d6080000,0x00000000d6480000)
 ParOldGen       total 598528K, used 598507K [0x0000000080000000, 0x00000000a4880000, 0x00000000d5580000)
  object space 598528K, 99% used [0x0000000080000000,0x00000000a487aca8,0x00000000a4880000)
 Metaspace       used 38354K, committed 39872K, reserved 1114112K
  class space    used 3287K, committed 3904K, reserved 1048576K
}
Event: 986.441 GC heap after
{Heap after GC invocations=1124 (full 3):
 PSYoungGen      total 11264K, used 2848K [0x00000000d5580000, 0x00000000d6400000, 0x0000000100000000)
  eden space 7680K, 0% used [0x00000000d5580000,0x00000000d5580000,0x00000000d5d00000)
  from space 3584K, 79% used [0x00000000d6080000,0x00000000d6348020,0x00000000d6400000)
  to   space 3584K, 0% used [0x00000000d5d00000,0x00000000d5d00000,0x00000000d6080000)
 ParOldGen       total 601600K, used 601459K [0x0000000080000000, 0x00000000a4b80000, 0x00000000d5580000)
  object space 601600K, 99% used [0x0000000080000000,0x00000000a4b5cca8,0x00000000a4b80000)
 Metaspace       used 38354K, committed 39872K, reserved 1114112K
  class space    used 3287K, committed 3904K, reserved 1048576K
}
Event: 986.484 GC heap before
{Heap before GC invocations=1125 (full 3):
 PSYoungGen      total 11264K, used 10528K [0x00000000d5580000, 0x00000000d6400000, 0x0000000100000000)
  eden space 7680K, 100% used [0x00000000d5580000,0x00000000d5d00000,0x00000000d5d00000)
  from space 3584K, 79% used [0x00000000d6080000,0x00000000d6348020,0x00000000d6400000)
  to   space 3584K, 0% used [0x00000000d5d00000,0x00000000d5d00000,0x00000000d6080000)
 ParOldGen       total 601600K, used 601459K [0x0000000080000000, 0x00000000a4b80000, 0x00000000d5580000)
  object space 601600K, 99% used [0x0000000080000000,0x00000000a4b5cca8,0x00000000a4b80000)
 Metaspace       used 38357K, committed 39872K, reserved 1114112K
  class space    used 3287K, committed 3904K, reserved 1048576K
}
Event: 986.488 GC heap after
{Heap after GC invocations=1125 (full 3):
 PSYoungGen      total 11264K, used 1440K [0x00000000d5580000, 0x00000000d6280000, 0x0000000100000000)
  eden space 7680K, 0% used [0x00000000d5580000,0x00000000d5580000,0x00000000d5d00000)
  from space 3584K, 40% used [0x00000000d5d00000,0x00000000d5e68000,0x00000000d6080000)
  to   space 2048K, 0% used [0x00000000d6080000,0x00000000d6080000,0x00000000d6280000)
 ParOldGen       total 603648K, used 603619K [0x0000000080000000, 0x00000000a4d80000, 0x00000000d5580000)
  object space 603648K, 99% used [0x0000000080000000,0x00000000a4d78cc8,0x00000000a4d80000)
 Metaspace       used 38357K, committed 39872K, reserved 1114112K
  class space    used 3287K, committed 3904K, reserved 1048576K
}
Event: 986.569 GC heap before
{Heap before GC invocations=1126 (full 3):
 PSYoungGen      total 11264K, used 9120K [0x00000000d5580000, 0x00000000d6280000, 0x0000000100000000)
  eden space 7680K, 100% used [0x00000000d5580000,0x00000000d5d00000,0x00000000d5d00000)
  from space 3584K, 40% used [0x00000000d5d00000,0x00000000d5e68000,0x00000000d6080000)
  to   space 2048K, 0% used [0x00000000d6080000,0x00000000d6080000,0x00000000d6280000)
 ParOldGen       total 698880K, used 695779K [0x0000000080000000, 0x00000000aaa80000, 0x00000000d5580000)
  object space 698880K, 99% used [0x0000000080000000,0x00000000aa778d58,0x00000000aaa80000)
 Metaspace       used 38373K, committed 39872K, reserved 1114112K
  class space    used 3287K, committed 3904K, reserved 1048576K
}
Event: 986.571 GC heap after
{Heap after GC invocations=1126 (full 3):
 PSYoungGen      total 9216K, used 1216K [0x00000000d5580000, 0x00000000d6200000, 0x0000000100000000)
  eden space 7680K, 0% used [0x00000000d5580000,0x00000000d5580000,0x00000000d5d00000)
  from space 1536K, 79% used [0x00000000d6080000,0x00000000d61b0000,0x00000000d6200000)
  to   space 1536K, 0% used [0x00000000d5f00000,0x00000000d5f00000,0x00000000d6080000)
 ParOldGen       total 698880K, used 696848K [0x0000000080000000, 0x00000000aaa80000, 0x00000000d5580000)
  object space 698880K, 99% used [0x0000000080000000,0x00000000aa8842c0,0x00000000aaa80000)
 Metaspace       used 38373K, committed 39872K, reserved 1114112K
  class space    used 3287K, committed 3904K, reserved 1048576K
}
Event: 993.630 GC heap before
{Heap before GC invocations=1127 (full 3):
 PSYoungGen      total 9216K, used 8896K [0x00000000d5580000, 0x00000000d6200000, 0x0000000100000000)
  eden space 7680K, 100% used [0x00000000d5580000,0x00000000d5d00000,0x00000000d5d00000)
  from space 1536K, 79% used [0x00000000d6080000,0x00000000d61b0000,0x00000000d6200000)
  to   space 1536K, 0% used [0x00000000d5f00000,0x00000000d5f00000,0x00000000d6080000)
 ParOldGen       total 698880K, used 696848K [0x0000000080000000, 0x00000000aaa80000, 0x00000000d5580000)
  object space 698880K, 99% used [0x0000000080000000,0x00000000aa8842c0,0x00000000aaa80000)
 Metaspace       used 38385K, committed 39872K, reserved 1114112K
  class space    used 3287K, committed 3904K, reserved 1048576K
}
Event: 993.631 GC heap after
{Heap after GC invocations=1127 (full 3):
 PSYoungGen      total 9216K, used 1130K [0x00000000d5580000, 0x00000000d6100000, 0x0000000100000000)
  eden space 7680K, 0% used [0x00000000d5580000,0x00000000d5580000,0x00000000d5d00000)
  from space 1536K, 73% used [0x00000000d5f00000,0x00000000d601a910,0x00000000d6080000)
  to   space 512K, 0% used [0x00000000d6080000,0x00000000d6080000,0x00000000d6100000)
 ParOldGen       total 698880K, used 697725K [0x0000000080000000, 0x00000000aaa80000, 0x00000000d5580000)
  object space 698880K, 99% used [0x0000000080000000,0x00000000aa95f6a8,0x00000000aaa80000)
 Metaspace       used 38385K, committed 39872K, reserved 1114112K
  class space    used 3287K, committed 3904K, reserved 1048576K
}

