# JRE version: OpenJDK Runtime Environment Temurin-21.0.11+10 (21.0.11+10) (build 21.0.11+10-LTS)
# Java VM: OpenJDK 64-Bit Server VM Temurin-21.0.11+10 (21.0.11+10-LTS, mixed mode, sharing, tiered, compressed oops, compressed class ptrs, parallel gc, windows-amd64)
GC Precious Log:
 CardTable entry size: 512
 CPUs: 32 total, 32 available
 Memory: 15999M
 Large Page Support: Disabled
 NUMA Support: Disabled
 Compressed Oops: Enabled (32-bit)
 Alignments: Space 512K, Generation 512K, Heap 2M
 Heap Min Capacity: 100M
 Heap Initial Capacity: 100M
 Heap Max Capacity: 2G
 Pre-touch: Disabled
 Parallel Workers: 23
Heap:
 PSYoungGen      total 10240K, used 5167K [0x00000000d5580000, 0x00000000d6100000, 0x0000000100000000)
  eden space 9216K, 48% used [0x00000000d5580000,0x00000000d59ded60,0x00000000d5e80000)
  from space 1024K, 67% used [0x00000000d5e80000,0x00000000d5f2d200,0x00000000d5f80000)
  to   space 1024K, 0% used [0x00000000d6000000,0x00000000d6000000,0x00000000d6100000)
 ParOldGen       total 768000K, used 767624K [0x0000000080000000, 0x00000000aee00000, 0x00000000d5580000)
  object space 768000K, 99% used [0x0000000080000000,0x00000000aeda2350,0x00000000aee00000)
 Metaspace       used 50580K, committed 52096K, reserved 1114112K
  class space    used 4497K, committed 5184K, reserved 1048576K
GC Heap History (20 events):
Event: 761.904 GC heap before
{Heap before GC invocations=1339 (full 3):
 PSYoungGen      total 10752K, used 10400K [0x00000000d5580000, 0x00000000d6100000, 0x0000000100000000)
  eden space 9728K, 100% used [0x00000000d5580000,0x00000000d5f00000,0x00000000d5f00000)
  from space 1024K, 65% used [0x00000000d5f00000,0x00000000d5fa8000,0x00000000d6000000)
  to   space 1024K, 0% used [0x00000000d6000000,0x00000000d6000000,0x00000000d6100000)
 ParOldGen       total 761856K, used 761431K [0x0000000080000000, 0x00000000ae800000, 0x00000000d5580000)
  object space 761856K, 99% used [0x0000000080000000,0x00000000ae795dc0,0x00000000ae800000)
 Metaspace       used 50547K, committed 52096K, reserved 1114112K
  class space    used 4496K, committed 5184K, reserved 1048576K
}
Event: 761.906 GC heap after
{Heap after GC invocations=1339 (full 3):
 PSYoungGen      total 10752K, used 905K [0x00000000d5580000, 0x00000000d6100000, 0x0000000100000000)
  eden space 9728K, 0% used [0x00000000d5580000,0x00000000d5580000,0x00000000d5f00000)
  from space 1024K, 88% used [0x00000000d6000000,0x00000000d60e2400,0x00000000d6100000)
  to   space 1024K, 0% used [0x00000000d5f00000,0x00000000d5f00000,0x00000000d6000000)
 ParOldGen       total 761856K, used 761767K [0x0000000080000000, 0x00000000ae800000, 0x00000000d5580000)
  object space 761856K, 99% used [0x0000000080000000,0x00000000ae7e9dc0,0x00000000ae800000)
 Metaspace       used 50547K, committed 52096K, reserved 1114112K
  class space    used 4496K, committed 5184K, reserved 1048576K
}
Event: 762.308 GC heap before
{Heap before GC invocations=1340 (full 3):
 PSYoungGen      total 10752K, used 10633K [0x00000000d5580000, 0x00000000d6100000, 0x0000000100000000)
  eden space 9728K, 100% used [0x00000000d5580000,0x00000000d5f00000,0x00000000d5f00000)
  from space 1024K, 88% used [0x00000000d6000000,0x00000000d60e2400,0x00000000d6100000)
  to   space 1024K, 0% used [0x00000000d5f00000,0x00000000d5f00000,0x00000000d6000000)
 ParOldGen       total 761856K, used 761767K [0x0000000080000000, 0x00000000ae800000, 0x00000000d5580000)
  object space 761856K, 99% used [0x0000000080000000,0x00000000ae7e9dc0,0x00000000ae800000)
 Metaspace       used 50547K, committed 52096K, reserved 1114112K
  class space    used 4496K, committed 5184K, reserved 1048576K
}
Event: 762.312 GC heap after
{Heap after GC invocations=1340 (full 3):
 PSYoungGen      total 10752K, used 548K [0x00000000d5580000, 0x00000000d6100000, 0x0000000100000000)
  eden space 9728K, 0% used [0x00000000d5580000,0x00000000d5580000,0x00000000d5f00000)
  from space 1024K, 53% used [0x00000000d5f00000,0x00000000d5f89210,0x00000000d6000000)
  to   space 1024K, 0% used [0x00000000d6000000,0x00000000d6000000,0x00000000d6100000)
 ParOldGen       total 762880K, used 762488K [0x0000000080000000, 0x00000000ae900000, 0x00000000d5580000)
  object space 762880K, 99% used [0x0000000080000000,0x00000000ae89e210,0x00000000ae900000)
 Metaspace       used 50547K, committed 52096K, reserved 1114112K
  class space    used 4496K, committed 5184K, reserved 1048576K
}
Event: 763.294 GC heap before
{Heap before GC invocations=1341 (full 3):
 PSYoungGen      total 10752K, used 10276K [0x00000000d5580000, 0x00000000d6100000, 0x0000000100000000)
  eden space 9728K, 100% used [0x00000000d5580000,0x00000000d5f00000,0x00000000d5f00000)
  from space 1024K, 53% used [0x00000000d5f00000,0x00000000d5f89210,0x00000000d6000000)
  to   space 1024K, 0% used [0x00000000d6000000,0x00000000d6000000,0x00000000d6100000)
 ParOldGen       total 762880K, used 762488K [0x0000000080000000, 0x00000000ae900000, 0x00000000d5580000)
  object space 762880K, 99% used [0x0000000080000000,0x00000000ae89e210,0x00000000ae900000)
 Metaspace       used 50563K, committed 52096K, reserved 1114112K
  class space    used 4497K, committed 5184K, reserved 1048576K
}
Event: 763.295 GC heap after
{Heap after GC invocations=1341 (full 3):
 PSYoungGen      total 10240K, used 448K [0x00000000d5580000, 0x00000000d6080000, 0x0000000100000000)
  eden space 9728K, 0% used [0x00000000d5580000,0x00000000d5580000,0x00000000d5f00000)
  from space 512K, 87% used [0x00000000d6000000,0x00000000d6070000,0x00000000d6080000)
  to   space 512K, 0% used [0x00000000d5f80000,0x00000000d5f80000,0x00000000d6000000)
 ParOldGen       total 762880K, used 762760K [0x0000000080000000, 0x00000000ae900000, 0x00000000d5580000)
  object space 762880K, 99% used [0x0000000080000000,0x00000000ae8e2210,0x00000000ae900000)
 Metaspace       used 50563K, committed 52096K, reserved 1114112K
  class space    used 4497K, committed 5184K, reserved 1048576K
}
Event: 763.818 GC heap before
{Heap before GC invocations=1342 (full 3):
 PSYoungGen      total 10240K, used 10176K [0x00000000d5580000, 0x00000000d6080000, 0x0000000100000000)
  eden space 9728K, 100% used [0x00000000d5580000,0x00000000d5f00000,0x00000000d5f00000)
  from space 512K, 87% used [0x00000000d6000000,0x00000000d6070000,0x00000000d6080000)
  to   space 512K, 0% used [0x00000000d5f80000,0x00000000d5f80000,0x00000000d6000000)
 ParOldGen       total 762880K, used 762760K [0x0000000080000000, 0x00000000ae900000, 0x00000000d5580000)
  object space 762880K, 99% used [0x0000000080000000,0x00000000ae8e2210,0x00000000ae900000)
 Metaspace       used 50564K, committed 52096K, reserved 1114112K
  class space    used 4497K, committed 5184K, reserved 1048576K
}
Event: 763.819 GC heap after
{Heap after GC invocations=1342 (full 3):
 PSYoungGen      total 10240K, used 500K [0x00000000d5580000, 0x00000000d6200000, 0x0000000100000000)
  eden space 9728K, 0% used [0x00000000d5580000,0x00000000d5580000,0x00000000d5f00000)
  from space 512K, 97% used [0x00000000d5f80000,0x00000000d5ffd200,0x00000000d6000000)
  to   space 1536K, 0% used [0x00000000d6080000,0x00000000d6080000,0x00000000d6200000)
 ParOldGen       total 763392K, used 763285K [0x0000000080000000, 0x00000000ae980000, 0x00000000d5580000)
  object space 763392K, 99% used [0x0000000080000000,0x00000000ae965440,0x00000000ae980000)
 Metaspace       used 50564K, committed 52096K, reserved 1114112K
  class space    used 4497K, committed 5184K, reserved 1048576K
}
Event: 763.980 GC heap before
{Heap before GC invocations=1343 (full 3):
 PSYoungGen      total 10240K, used 10228K [0x00000000d5580000, 0x00000000d6200000, 0x0000000100000000)
  eden space 9728K, 100% used [0x00000000d5580000,0x00000000d5f00000,0x00000000d5f00000)
  from space 512K, 97% used [0x00000000d5f80000,0x00000000d5ffd200,0x00000000d6000000)
  to   space 1536K, 0% used [0x00000000d6080000,0x00000000d6080000,0x00000000d6200000)
 ParOldGen       total 763392K, used 763285K [0x0000000080000000, 0x00000000ae980000, 0x00000000d5580000)
  object space 763392K, 99% used [0x0000000080000000,0x00000000ae965440,0x00000000ae980000)
 Metaspace       used 50566K, committed 52096K, reserved 1114112K
  class space    used 4497K, committed 5184K, reserved 1048576K
}
Event: 763.982 GC heap after
{Heap after GC invocations=1343 (full 3):
 PSYoungGen      total 10752K, used 788K [0x00000000d5580000, 0x00000000d6180000, 0x0000000100000000)
  eden space 9728K, 0% used [0x00000000d5580000,0x00000000d5580000,0x00000000d5f00000)
  from space 1024K, 77% used [0x00000000d6080000,0x00000000d6145200,0x00000000d6180000)
  to   space 1024K, 0% used [0x00000000d5f80000,0x00000000d5f80000,0x00000000d6080000)
 ParOldGen       total 763904K, used 763873K [0x0000000080000000, 0x00000000aea00000, 0x00000000d5580000)
  object space 763904K, 99% used [0x0000000080000000,0x00000000ae9f8640,0x00000000aea00000)
 Metaspace       used 50566K, committed 52096K, reserved 1114112K
  class space    used 4497K, committed 5184K, reserved 1048576K
}
Event: 764.903 GC heap before
{Heap before GC invocations=1344 (full 3):
 PSYoungGen      total 10752K, used 10516K [0x00000000d5580000, 0x00000000d6180000, 0x0000000100000000)
  eden space 9728K, 100% used [0x00000000d5580000,0x00000000d5f00000,0x00000000d5f00000)
  from space 1024K, 77% used [0x00000000d6080000,0x00000000d6145200,0x00000000d6180000)
  to   space 1024K, 0% used [0x00000000d5f80000,0x00000000d5f80000,0x00000000d6080000)
 ParOldGen       total 763904K, used 763873K [0x0000000080000000, 0x00000000aea00000, 0x00000000d5580000)
  object space 763904K, 99% used [0x0000000080000000,0x00000000ae9f8640,0x00000000aea00000)
 Metaspace       used 50577K, committed 52096K, reserved 1114112K
  class space    used 4497K, committed 5184K, reserved 1048576K
}
Event: 764.904 GC heap after
{Heap after GC invocations=1344 (full 3):
 PSYoungGen      total 10752K, used 1001K [0x00000000d5580000, 0x00000000d6300000, 0x0000000100000000)
  eden space 9728K, 0% used [0x00000000d5580000,0x00000000d5580000,0x00000000d5f00000)
  from space 1024K, 97% used [0x00000000d5f80000,0x00000000d607a400,0x00000000d6080000)
  to   space 2048K, 0% used [0x00000000d6100000,0x00000000d6100000,0x00000000d6300000)
 ParOldGen       total 764416K, used 764366K [0x0000000080000000, 0x00000000aea80000, 0x00000000d5580000)
  object space 764416K, 99% used [0x0000000080000000,0x00000000aea73870,0x00000000aea80000)
 Metaspace       used 50577K, committed 52096K, reserved 1114112K
  class space    used 4497K, committed 5184K, reserved 1048576K
}
Event: 765.304 GC heap before
{Heap before GC invocations=1345 (full 3):
 PSYoungGen      total 10752K, used 10729K [0x00000000d5580000, 0x00000000d6300000, 0x0000000100000000)
  eden space 9728K, 100% used [0x00000000d5580000,0x00000000d5f00000,0x00000000d5f00000)
  from space 1024K, 97% used [0x00000000d5f80000,0x00000000d607a400,0x00000000d6080000)
  to   space 2048K, 0% used [0x00000000d6100000,0x00000000d6100000,0x00000000d6300000)
 ParOldGen       total 764416K, used 764366K [0x0000000080000000, 0x00000000aea80000, 0x00000000d5580000)
  object space 764416K, 99% used [0x0000000080000000,0x00000000aea73870,0x00000000aea80000)
 Metaspace       used 50577K, committed 52096K, reserved 1114112K
  class space    used 4497K, committed 5184K, reserved 1048576K
}
Event: 765.307 GC heap after
{Heap after GC invocations=1345 (full 3):
 PSYoungGen      total 11264K, used 1428K [0x00000000d5580000, 0x00000000d6280000, 0x0000000100000000)
  eden space 9728K, 0% used [0x00000000d5580000,0x00000000d5580000,0x00000000d5f00000)
  from space 1536K, 93% used [0x00000000d6100000,0x00000000d6265200,0x00000000d6280000)
  to   space 1536K, 0% used [0x00000000d5f80000,0x00000000d5f80000,0x00000000d6100000)
 ParOldGen       total 765440K, used 765131K [0x0000000080000000, 0x00000000aeb80000, 0x00000000d5580000)
  object space 765440K, 99% used [0x0000000080000000,0x00000000aeb32c90,0x00000000aeb80000)
 Metaspace       used 50577K, committed 52096K, reserved 1114112K
  class space    used 4497K, committed 5184K, reserved 1048576K
}
Event: 766.146 GC heap before
{Heap before GC invocations=1346 (full 3):
 PSYoungGen      total 11264K, used 11156K [0x00000000d5580000, 0x00000000d6280000, 0x0000000100000000)
  eden space 9728K, 100% used [0x00000000d5580000,0x00000000d5f00000,0x00000000d5f00000)
  from space 1536K, 93% used [0x00000000d6100000,0x00000000d6265200,0x00000000d6280000)
  to   space 1536K, 0% used [0x00000000d5f80000,0x00000000d5f80000,0x00000000d6100000)
 ParOldGen       total 765440K, used 765131K [0x0000000080000000, 0x00000000aeb80000, 0x00000000d5580000)
  object space 765440K, 99% used [0x0000000080000000,0x00000000aeb32c90,0x00000000aeb80000)
 Metaspace       used 50580K, committed 52096K, reserved 1114112K
  class space    used 4497K, committed 5184K, reserved 1048576K
}
Event: 766.149 GC heap after
{Heap after GC invocations=1346 (full 3):
 PSYoungGen      total 10752K, used 640K [0x00000000d5580000, 0x00000000d6180000, 0x0000000100000000)
  eden space 9728K, 0% used [0x00000000d5580000,0x00000000d5580000,0x00000000d5f00000)
  from space 1024K, 62% used [0x00000000d5f80000,0x00000000d6020000,0x00000000d6080000)
  to   space 1024K, 0% used [0x00000000d6080000,0x00000000d6080000,0x00000000d6180000)
 ParOldGen       total 766464K, used 766291K [0x0000000080000000, 0x00000000aec80000, 0x00000000d5580000)
  object space 766464K, 99% used [0x0000000080000000,0x00000000aec54ef0,0x00000000aec80000)
 Metaspace       used 50580K, committed 52096K, reserved 1114112K
  class space    used 4497K, committed 5184K, reserved 1048576K
}
Event: 766.462 GC heap before
{Heap before GC invocations=1347 (full 3):
 PSYoungGen      total 10752K, used 10368K [0x00000000d5580000, 0x00000000d6180000, 0x0000000100000000)
  eden space 9728K, 100% used [0x00000000d5580000,0x00000000d5f00000,0x00000000d5f00000)
  from space 1024K, 62% used [0x00000000d5f80000,0x00000000d6020000,0x00000000d6080000)
  to   space 1024K, 0% used [0x00000000d6080000,0x00000000d6080000,0x00000000d6180000)
 ParOldGen       total 766464K, used 766291K [0x0000000080000000, 0x00000000aec80000, 0x00000000d5580000)
  object space 766464K, 99% used [0x0000000080000000,0x00000000aec54ef0,0x00000000aec80000)
 Metaspace       used 50580K, committed 52096K, reserved 1114112K
  class space    used 4497K, committed 5184K, reserved 1048576K
}
Event: 766.465 GC heap after
{Heap after GC invocations=1347 (full 3):
 PSYoungGen      total 10240K, used 1017K [0x00000000d5580000, 0x00000000d6300000, 0x0000000100000000)
  eden space 9216K, 0% used [0x00000000d5580000,0x00000000d5580000,0x00000000d5e80000)
  from space 1024K, 99% used [0x00000000d6080000,0x00000000d617e410,0x00000000d6180000)
  to   space 2048K, 0% used [0x00000000d5e80000,0x00000000d5e80000,0x00000000d6080000)
 ParOldGen       total 766976K, used 766771K [0x0000000080000000, 0x00000000aed00000, 0x00000000d5580000)
  object space 766976K, 99% used [0x0000000080000000,0x00000000aecccf30,0x00000000aed00000)
 Metaspace       used 50580K, committed 52096K, reserved 1114112K
  class space    used 4497K, committed 5184K, reserved 1048576K
}
Event: 766.677 GC heap before
{Heap before GC invocations=1348 (full 3):
 PSYoungGen      total 10240K, used 10233K [0x00000000d5580000, 0x00000000d6300000, 0x0000000100000000)
  eden space 9216K, 100% used [0x00000000d5580000,0x00000000d5e80000,0x00000000d5e80000)
  from space 1024K, 99% used [0x00000000d6080000,0x00000000d617e410,0x00000000d6180000)
  to   space 2048K, 0% used [0x00000000d5e80000,0x00000000d5e80000,0x00000000d6080000)
 ParOldGen       total 766976K, used 766771K [0x0000000080000000, 0x00000000aed00000, 0x00000000d5580000)
  object space 766976K, 99% used [0x0000000080000000,0x00000000aecccf30,0x00000000aed00000)
 Metaspace       used 50580K, committed 52096K, reserved 1114112K
  class space    used 4497K, committed 5184K, reserved 1048576K
}
Event: 766.679 GC heap after
{Heap after GC invocations=1348 (full 3):
 PSYoungGen      total 10240K, used 692K [0x00000000d5580000, 0x00000000d6100000, 0x0000000100000000)
  eden space 9216K, 0% used [0x00000000d5580000,0x00000000d5580000,0x00000000d5e80000)
  from space 1024K, 67% used [0x00000000d5e80000,0x00000000d5f2d200,0x00000000d5f80000)
  to   space 1024K, 0% used [0x00000000d6000000,0x00000000d6000000,0x00000000d6100000)
 ParOldGen       total 768000K, used 767624K [0x0000000080000000, 0x00000000aee00000, 0x00000000d5580000)
  object space 768000K, 99% used [0x0000000080000000,0x00000000aeda2350,0x00000000aee00000)
 Metaspace       used 50580K, committed 52096K, reserved 1114112K
  class space    used 4497K, committed 5184K, reserved 1048576K
}

